# JRE version: OpenJDK Runtime Environment (8.0_242-b01) (build 1.8.0_242-release-1644-b01)
# Java VM: OpenJDK 64-Bit Server VM (25.242-b01 mixed mode windows-amd64 compressed oops)
Heap:
 PSYoungGen      total 417280K, used 372027K [0x00000000e0000000, 0x0000000100000000, 0x0000000100000000)
  eden space 323072K, 100% used [0x00000000e0000000,0x00000000f3b80000,0x00000000f3b80000)
  from space 94208K, 51% used [0x00000000f9880000,0x00000000fc84ee30,0x00000000ff480000)
  to   space 95232K, 5% used [0x00000000f3b80000,0x00000000f4094fa8,0x00000000f9880000)
 ParOldGen       total 571392K, used 356492K [0x00000000a0000000, 0x00000000c2e00000, 0x00000000e0000000)
  object space 571392K, 62% used [0x00000000a0000000,0x00000000b5c23258,0x00000000c2e00000)
 Metaspace       used 117334K, capacity 121830K, committed 123264K, reserved 1157120K
  class space    used 14530K, capacity 15432K, committed 15744K, reserved 1048576K
GC Heap History (10 events):
Event: 9130.716 GC heap after
Heap after GC invocations=98 (full 9):
 PSYoungGen      total 371712K, used 51157K [0x00000000e0000000, 0x0000000100000000, 0x0000000100000000)
  eden space 320512K, 0% used [0x00000000e0000000,0x00000000e0000000,0x00000000f3900000)
  from space 51200K, 99% used [0x00000000f3900000,0x00000000f6af5720,0x00000000f6b00000)
  to   space 102400K, 0% used [0x00000000f9c00000,0x00000000f9c00000,0x0000000100000000)
 ParOldGen       total 515072K, used 495314K [0x00000000a0000000, 0x00000000bf700000, 0x00000000e0000000)
  object space 515072K, 96% used [0x00000000a0000000,0x00000000be3b48b0,0x00000000bf700000)
 Metaspace       used 117242K, capacity 121776K, committed 123264K, reserved 1157120K
  class space    used 14525K, capacity 15433K, committed 15744K, reserved 1048576K
}
Event: 9130.716 GC heap before
{Heap before GC invocations=99 (full 10):
 PSYoungGen      total 371712K, used 51157K [0x00000000e0000000, 0x0000000100000000, 0x0000000100000000)
  eden space 320512K, 0% used [0x00000000e0000000,0x00000000e0000000,0x00000000f3900000)
  from space 51200K, 99% used [0x00000000f3900000,0x00000000f6af5720,0x00000000f6b00000)
  to   space 102400K, 0% used [0x00000000f9c00000,0x00000000f9c00000,0x0000000100000000)
 ParOldGen       total 515072K, used 495314K [0x00000000a0000000, 0x00000000bf700000, 0x00000000e0000000)
  object space 515072K, 96% used [0x00000000a0000000,0x00000000be3b48b0,0x00000000bf700000)
 Metaspace       used 117242K, capacity 121776K, committed 123264K, reserved 1157120K
  class space    used 14525K, capacity 15433K, committed 15744K, reserved 1048576K
Event: 9136.738 GC heap after
Heap after GC invocations=99 (full 10):
 PSYoungGen      total 371712K, used 0K [0x00000000e0000000, 0x0000000100000000, 0x0000000100000000)
  eden space 320512K, 0% used [0x00000000e0000000,0x00000000e0000000,0x00000000f3900000)
  from space 51200K, 0% used [0x00000000f3900000,0x00000000f3900000,0x00000000f6b00000)
  to   space 102400K, 0% used [0x00000000f9c00000,0x00000000f9c00000,0x0000000100000000)
 ParOldGen       total 571392K, used 314201K [0x00000000a0000000, 0x00000000c2e00000, 0x00000000e0000000)
  object space 571392K, 54% used [0x00000000a0000000,0x00000000b32d6440,0x00000000c2e00000)
 Metaspace       used 116393K, capacity 120474K, committed 123264K, reserved 1157120K
  class space    used 14319K, capacity 15104K, committed 15744K, reserved 1048576K
}
Event: 9750.128 GC heap before
{Heap before GC invocations=100 (full 10):
 PSYoungGen      total 371712K, used 320512K [0x00000000e0000000, 0x0000000100000000, 0x0000000100000000)
  eden space 320512K, 100% used [0x00000000e0000000,0x00000000f3900000,0x00000000f3900000)
  from space 51200K, 0% used [0x00000000f3900000,0x00000000f3900000,0x00000000f6b00000)
  to   space 102400K, 0% used [0x00000000f9c00000,0x00000000f9c00000,0x0000000100000000)
 ParOldGen       total 571392K, used 314201K [0x00000000a0000000, 0x00000000c2e00000, 0x00000000e0000000)
  object space 571392K, 54% used [0x00000000a0000000,0x00000000b32d6440,0x00000000c2e00000)
 Metaspace       used 117208K, capacity 121736K, committed 123264K, reserved 1157120K
  class space    used 14521K, capacity 15417K, committed 15744K, reserved 1048576K
Event: 9750.224 GC heap after
Heap after GC invocations=100 (full 10):
 PSYoungGen      total 426496K, used 19304K [0x00000000e0000000, 0x0000000100000000, 0x0000000100000000)
  eden space 324096K, 0% used [0x00000000e0000000,0x00000000e0000000,0x00000000f3c80000)
  from space 102400K, 18% used [0x00000000f9c00000,0x00000000faeda210,0x0000000100000000)
  to   space 97792K, 0% used [0x00000000f3c80000,0x00000000f3c80000,0x00000000f9c00000)
 ParOldGen       total 571392K, used 314209K [0x00000000a0000000, 0x00000000c2e00000, 0x00000000e0000000)
  object space 571392K, 54% used [0x00000000a0000000,0x00000000b32d8440,0x00000000c2e00000)
 Metaspace       used 117208K, capacity 121736K, committed 123264K, reserved 1157120K
  class space    used 14521K, capacity 15417K, committed 15744K, reserved 1048576K
}
Event: 9821.964 GC heap before
{Heap before GC invocations=101 (full 10):
 PSYoungGen      total 426496K, used 343400K [0x00000000e0000000, 0x0000000100000000, 0x0000000100000000)
  eden space 324096K, 100% used [0x00000000e0000000,0x00000000f3c80000,0x00000000f3c80000)
  from space 102400K, 18% used [0x00000000f9c00000,0x00000000faeda210,0x0000000100000000)
  to   space 97792K, 0% used [0x00000000f3c80000,0x00000000f3c80000,0x00000000f9c00000)
 ParOldGen       total 571392K, used 314209K [0x00000000a0000000, 0x00000000c2e00000, 0x00000000e0000000)
  object space 571392K, 54% used [0x00000000a0000000,0x00000000b32d8440,0x00000000c2e00000)
 Metaspace       used 117266K, capacity 121806K, committed 123264K, reserved 1157120K
  class space    used 14526K, capacity 15428K, committed 15744K, reserved 1048576K
Event: 9822.035 GC heap after
Heap after GC invocations=101 (full 10):
 PSYoungGen      total 336384K, used 12171K [0x00000000e0000000, 0x00000000ff480000, 0x0000000100000000)
  eden space 324096K, 0% used [0x00000000e0000000,0x00000000e0000000,0x00000000f3c80000)
  from space 12288K, 99% used [0x00000000f3c80000,0x00000000f4862c30,0x00000000f4880000)
  to   space 94208K, 0% used [0x00000000f9880000,0x00000000f9880000,0x00000000ff480000)
 ParOldGen       total 571392K, used 332226K [0x00000000a0000000, 0x00000000c2e00000, 0x00000000e0000000)
  object space 571392K, 58% used [0x00000000a0000000,0x00000000b4470a58,0x00000000c2e00000)
 Metaspace       used 117266K, capacity 121806K, committed 123264K, reserved 1157120K
  class space    used 14526K, capacity 15428K, committed 15744K, reserved 1048576K
}
Event: 9826.016 GC heap before
{Heap before GC invocations=102 (full 10):
 PSYoungGen      total 336384K, used 336267K [0x00000000e0000000, 0x00000000ff480000, 0x0000000100000000)
  eden space 324096K, 100% used [0x00000000e0000000,0x00000000f3c80000,0x00000000f3c80000)
  from space 12288K, 99% used [0x00000000f3c80000,0x00000000f4862c30,0x00000000f4880000)
  to   space 94208K, 0% used [0x00000000f9880000,0x00000000f9880000,0x00000000ff480000)
 ParOldGen       total 571392K, used 332226K [0x00000000a0000000, 0x00000000c2e00000, 0x00000000e0000000)
  object space 571392K, 58% used [0x00000000a0000000,0x00000000b4470a58,0x00000000c2e00000)
 Metaspace       used 117295K, capacity 121806K, committed 123264K, reserved 1157120K
  class space    used 14526K, capacity 15428K, committed 15744K, reserved 1048576K
Event: 9826.123 GC heap after
Heap after GC invocations=102 (full 10):
 PSYoungGen      total 417280K, used 48955K [0x00000000e0000000, 0x0000000100000000, 0x0000000100000000)
  eden space 323072K, 0% used [0x00000000e0000000,0x00000000e0000000,0x00000000f3b80000)
  from space 94208K, 51% used [0x00000000f9880000,0x00000000fc84ee30,0x00000000ff480000)
  to   space 95232K, 0% used [0x00000000f3b80000,0x00000000f3b80000,0x00000000f9880000)
 ParOldGen       total 571392K, used 342230K [0x00000000a0000000, 0x00000000c2e00000, 0x00000000e0000000)
  object space 571392K, 59% used [0x00000000a0000000,0x00000000b4e35a70,0x00000000c2e00000)
 Metaspace       used 117295K, capacity 121806K, committed 123264K, reserved 1157120K
  class space    used 14526K, capacity 15428K, committed 15744K, reserved 1048576K
}
Event: 9832.023 GC heap before
{Heap before GC invocations=103 (full 10):
 PSYoungGen      total 417280K, used 372027K [0x00000000e0000000, 0x0000000100000000, 0x0000000100000000)
  eden space 323072K, 100% used [0x00000000e0000000,0x00000000f3b80000,0x00000000f3b80000)
  from space 94208K, 51% used [0x00000000f9880000,0x00000000fc84ee30,0x00000000ff480000)
  to   space 95232K, 0% used [0x00000000f3b80000,0x00000000f3b80000,0x00000000f9880000)
 ParOldGen       total 571392K, used 342230K [0x00000000a0000000, 0x00000000c2e00000, 0x00000000e0000000)
  object space 571392K, 59% used [0x00000000a0000000,0x00000000b4e35a70,0x00000000c2e00000)
 Metaspace       used 117334K, capacity 121830K, committed 123264K, reserved 1157120K
  class space    used 14530K, capacity 15432K, committed 15744K, reserved 1048576K

